<?xml version="1.0" encoding="UTF-8"?>
<!-- Generated by org.testng.reporters.JUnitReportReporter -->
<testsuite hostname="LTIN454439" failures="0" tests="7" name="com.GSD.testRunner.testNGRunner" time="20.487" errors="7" timestamp="2024-02-26T17:36:05 IST" skipped="0">
  <testcase classname="com.GSD.testRunner.testNGRunner" name="runScenario" time="0.029">
    <error type="java.lang.NullPointerException">
      <![CDATA[java.lang.NullPointerException
at com.GSD.stepDefinitions.navigationSteps.count_the_query_types(navigationSteps.java:150)
at ✽.user checks for the presence of query options(file:///C:/Users/2304139/.jenkins/workspace/Hacathon/./FeatureFiles/navigation.feature:20)
]]>
    </error>
  </testcase> <!-- runScenario -->
  <testcase classname="com.GSD.testRunner.testNGRunner" name="runScenario" time="0.082">
    <error type="java.lang.NullPointerException">
      <![CDATA[java.lang.NullPointerException
at com.GSD.stepDefinitions.navigationSteps.user_enters_value_in_search_box(navigationSteps.java:63)
at ✽.user enters value: "GSD" in search box(file:///C:/Users/2304139/.jenkins/workspace/Hacathon/./FeatureFiles/navigation.feature:9)
]]>
    </error>
  </testcase> <!-- runScenario -->
  <testcase classname="com.GSD.testRunner.testNGRunner" name="runScenario" time="12.514">
    <error message="Failed to decode response from marionette
Build info: version: &#039;4.15.0&#039;, revision: &#039;1d14b5521b&#039;
System info: os.name: &#039;Windows 11&#039;, os.arch: &#039;amd64&#039;, os.version: &#039;10.0&#039;, java.version: &#039;11.0.21&#039;
Driver info: org.openqa.selenium.firefox.FirefoxDriver
Command: [abe42ddf-4e63-4086-a044-c813e5358673, screenshot {}]
Capabilities {acceptInsecureCerts: true, browserName: firefox, browserVersion: 123.0, moz:accessibilityChecks: false, moz:buildID: 20240213221259, moz:debuggerAddress: 127.0.0.1:11103, moz:geckodriverVersion: 0.34.0, moz:headless: false, moz:platformVersion: 10.0, moz:processID: 19788, moz:profile: C:\Users\2304139\AppData\Lo..., moz:shutdownTimeout: 60000, moz:webdriverClick: true, moz:windowless: false, pageLoadStrategy: normal, platformName: windows, proxy: Proxy(), se:cdp: ws://127.0.0.1:11103/devtoo..., se:cdpVersion: 85.0, setWindowRect: true, strictFileInteractability: false, timeouts: {implicit: 0, pageLoad: 300000, script: 30000}, unhandledPromptBehavior: dismiss and notify}
Session ID: abe42ddf-4e63-4086-a044-c813e5358673" type="org.openqa.selenium.WebDriverException">
      <![CDATA[org.openqa.selenium.WebDriverException: Failed to decode response from marionette
Build info: version: '4.15.0', revision: '1d14b5521b'
System info: os.name: 'Windows 11', os.arch: 'amd64', os.version: '10.0', java.version: '11.0.21'
Driver info: org.openqa.selenium.firefox.FirefoxDriver
Command: [abe42ddf-4e63-4086-a044-c813e5358673, screenshot {}]
Capabilities {acceptInsecureCerts: true, browserName: firefox, browserVersion: 123.0, moz:accessibilityChecks: false, moz:buildID: 20240213221259, moz:debuggerAddress: 127.0.0.1:11103, moz:geckodriverVersion: 0.34.0, moz:headless: false, moz:platformVersion: 10.0, moz:processID: 19788, moz:profile: C:\Users\2304139\AppData\Lo..., moz:shutdownTimeout: 60000, moz:webdriverClick: true, moz:windowless: false, pageLoadStrategy: normal, platformName: windows, proxy: Proxy(), se:cdp: ws://127.0.0.1:11103/devtoo..., se:cdpVersion: 85.0, setWindowRect: true, strictFileInteractability: false, timeouts: {implicit: 0, pageLoad: 300000, script: 30000}, unhandledPromptBehavior: dismiss and notify}
Session ID: abe42ddf-4e63-4086-a044-c813e5358673
at java.base/jdk.internal.reflect.NativeConstructorAccessorImpl.newInstance0(Native Method)
at java.base/jdk.internal.reflect.NativeConstructorAccessorImpl.newInstance(NativeConstructorAccessorImpl.java:62)
at java.base/jdk.internal.reflect.DelegatingConstructorAccessorImpl.newInstance(DelegatingConstructorAccessorImpl.java:45)
at java.base/java.lang.reflect.Constructor.newInstance(Constructor.java:490)
at org.openqa.selenium.remote.codec.w3c.W3CHttpResponseCodec.createException(W3CHttpResponseCodec.java:200)
at org.openqa.selenium.remote.codec.w3c.W3CHttpResponseCodec.decode(W3CHttpResponseCodec.java:133)
at org.openqa.selenium.remote.codec.w3c.W3CHttpResponseCodec.decode(W3CHttpResponseCodec.java:52)
at org.openqa.selenium.remote.HttpCommandExecutor.execute(HttpCommandExecutor.java:191)
at org.openqa.selenium.remote.service.DriverCommandExecutor.invokeExecute(DriverCommandExecutor.java:200)
at org.openqa.selenium.remote.service.DriverCommandExecutor.execute(DriverCommandExecutor.java:175)
at org.openqa.selenium.remote.RemoteWebDriver.execute(RemoteWebDriver.java:607)
at org.openqa.selenium.remote.RemoteWebDriver.execute(RemoteWebDriver.java:680)
at org.openqa.selenium.remote.RemoteWebDriver.execute(RemoteWebDriver.java:684)
at org.openqa.selenium.remote.RemoteWebDriver.getScreenshotAs(RemoteWebDriver.java:330)
at com.GSD.stepDefinitions.hooks.addScreenshot(hooks.java:46)
]]>
    </error>
  </testcase> <!-- runScenario -->
  <testcase classname="com.GSD.testRunner.testNGRunner" name="runScenario" time="0.034">
    <error type="java.lang.NullPointerException">
      <![CDATA[java.lang.NullPointerException
at com.GSD.stepDefinitions.navigationSteps.select_the_language(navigationSteps.java:106)
at ✽.select the language: "english"(file:///C:/Users/2304139/.jenkins/workspace/Hacathon/./FeatureFiles/navigation.feature:15)
]]>
    </error>
  </testcase> <!-- runScenario -->
  <testcase classname="com.GSD.testRunner.testNGRunner" name="runScenario" time="0.063">
    <error type="java.lang.NullPointerException">
      <![CDATA[java.lang.NullPointerException
at com.GSD.stepDefinitions.navigationSteps.user_clicks_on_ticket_status(navigationSteps.java:175)
at ✽.user clicks on ticket status(file:///C:/Users/2304139/.jenkins/workspace/Hacathon/./FeatureFiles/navigation.feature:26)
]]>
    </error>
  </testcase> <!-- runScenario -->
  <testcase classname="com.GSD.testRunner.testNGRunner" name="tearDownClass" time="7.615">
    <error message="JdkWebSocket initial request execution error
Build info: version: &#039;4.15.0&#039;, revision: &#039;1d14b5521b&#039;
System info: os.name: &#039;Windows 11&#039;, os.arch: &#039;amd64&#039;, os.version: &#039;10.0&#039;, java.version: &#039;11.0.21&#039;
Driver info: driver.version: FirefoxDriver" type="org.openqa.selenium.remote.http.ConnectionFailedException">
      <![CDATA[org.openqa.selenium.remote.http.ConnectionFailedException: JdkWebSocket initial request execution error
Build info: version: '4.15.0', revision: '1d14b5521b'
System info: os.name: 'Windows 11', os.arch: 'amd64', os.version: '10.0', java.version: '11.0.21'
Driver info: driver.version: FirefoxDriver
at org.openqa.selenium.remote.http.jdk.JdkHttpClient.openSocket(JdkHttpClient.java:256)
at org.openqa.selenium.devtools.Connection.<init>(Connection.java:84)
at org.openqa.selenium.firefox.FirefoxDriver.maybeGetDevTools(FirefoxDriver.java:335)
at org.openqa.selenium.remote.RemoteWebDriver.quit(RemoteWebDriver.java:435)
at org.openqa.selenium.firefox.FirefoxDriver.quit(FirefoxDriver.java:393)
at com.GSD.stepDefinitions.hooks.tearDown(hooks.java:37)
Caused by: java.net.ConnectException: Connection refused: no further information
at java.base/sun.nio.ch.SocketChannelImpl.checkConnect(Native Method)
at java.base/sun.nio.ch.SocketChannelImpl.finishConnect(SocketChannelImpl.java:779)
at java.net.http/jdk.internal.net.http.PlainHttpConnection$ConnectEvent.handle(PlainHttpConnection.java:128)
at java.net.http/jdk.internal.net.http.HttpClientImpl$SelectorManager.handleEvent(HttpClientImpl.java:957)
at java.net.http/jdk.internal.net.http.HttpClientImpl$SelectorManager.lambda$run$3(HttpClientImpl.java:912)
at java.base/java.util.ArrayList.forEach(ArrayList.java:1541)
at java.net.http/jdk.internal.net.http.HttpClientImpl$SelectorManager.run(HttpClientImpl.java:912)
]]>
    </error>
  </testcase> <!-- tearDownClass -->
  <testcase classname="com.GSD.testRunner.testNGRunner" name="runScenario" time="0.150">
    <error message="Tried to run command without establishing a connection
Build info: version: &#039;4.15.0&#039;, revision: &#039;1d14b5521b&#039;
System info: os.name: &#039;Windows 11&#039;, os.arch: &#039;amd64&#039;, os.version: &#039;10.0&#039;, java.version: &#039;11.0.21&#039;
Driver info: org.openqa.selenium.firefox.FirefoxDriver
Command: [abe42ddf-4e63-4086-a044-c813e5358673, screenshot {}]
Capabilities {acceptInsecureCerts: true, browserName: firefox, browserVersion: 123.0, moz:accessibilityChecks: false, moz:buildID: 20240213221259, moz:debuggerAddress: 127.0.0.1:11103, moz:geckodriverVersion: 0.34.0, moz:headless: false, moz:platformVersion: 10.0, moz:processID: 19788, moz:profile: C:\Users\2304139\AppData\Lo..., moz:shutdownTimeout: 60000, moz:webdriverClick: true, moz:windowless: false, pageLoadStrategy: normal, platformName: windows, proxy: Proxy(), se:cdp: ws://127.0.0.1:11103/devtoo..., se:cdpVersion: 85.0, setWindowRect: true, strictFileInteractability: false, timeouts: {implicit: 0, pageLoad: 300000, script: 30000}, unhandledPromptBehavior: dismiss and notify}
Session ID: abe42ddf-4e63-4086-a044-c813e5358673" type="org.openqa.selenium.NoSuchSessionException">
      <![CDATA[org.openqa.selenium.NoSuchSessionException: Tried to run command without establishing a connection
Build info: version: '4.15.0', revision: '1d14b5521b'
System info: os.name: 'Windows 11', os.arch: 'amd64', os.version: '10.0', java.version: '11.0.21'
Driver info: org.openqa.selenium.firefox.FirefoxDriver
Command: [abe42ddf-4e63-4086-a044-c813e5358673, screenshot {}]
Capabilities {acceptInsecureCerts: true, browserName: firefox, browserVersion: 123.0, moz:accessibilityChecks: false, moz:buildID: 20240213221259, moz:debuggerAddress: 127.0.0.1:11103, moz:geckodriverVersion: 0.34.0, moz:headless: false, moz:platformVersion: 10.0, moz:processID: 19788, moz:profile: C:\Users\2304139\AppData\Lo..., moz:shutdownTimeout: 60000, moz:webdriverClick: true, moz:windowless: false, pageLoadStrategy: normal, platformName: windows, proxy: Proxy(), se:cdp: ws://127.0.0.1:11103/devtoo..., se:cdpVersion: 85.0, setWindowRect: true, strictFileInteractability: false, timeouts: {implicit: 0, pageLoad: 300000, script: 30000}, unhandledPromptBehavior: dismiss and notify}
Session ID: abe42ddf-4e63-4086-a044-c813e5358673
at java.base/jdk.internal.reflect.NativeConstructorAccessorImpl.newInstance0(Native Method)
at java.base/jdk.internal.reflect.NativeConstructorAccessorImpl.newInstance(NativeConstructorAccessorImpl.java:62)
at java.base/jdk.internal.reflect.DelegatingConstructorAccessorImpl.newInstance(DelegatingConstructorAccessorImpl.java:45)
at java.base/java.lang.reflect.Constructor.newInstance(Constructor.java:490)
at org.openqa.selenium.remote.codec.w3c.W3CHttpResponseCodec.createException(W3CHttpResponseCodec.java:200)
at org.openqa.selenium.remote.codec.w3c.W3CHttpResponseCodec.decode(W3CHttpResponseCodec.java:133)
at org.openqa.selenium.remote.codec.w3c.W3CHttpResponseCodec.decode(W3CHttpResponseCodec.java:52)
at org.openqa.selenium.remote.HttpCommandExecutor.execute(HttpCommandExecutor.java:191)
at org.openqa.selenium.remote.service.DriverCommandExecutor.invokeExecute(DriverCommandExecutor.java:200)
at org.openqa.selenium.remote.service.DriverCommandExecutor.execute(DriverCommandExecutor.java:175)
at org.openqa.selenium.remote.RemoteWebDriver.execute(RemoteWebDriver.java:607)
at org.openqa.selenium.remote.RemoteWebDriver.execute(RemoteWebDriver.java:680)
at org.openqa.selenium.remote.RemoteWebDriver.execute(RemoteWebDriver.java:684)
at org.openqa.selenium.remote.RemoteWebDriver.getScreenshotAs(RemoteWebDriver.java:330)
at com.GSD.stepDefinitions.hooks.addScreenshot(hooks.java:46)
]]>
    </error>
  </testcase> <!-- runScenario -->
</testsuite> <!-- com.GSD.testRunner.testNGRunner -->
